[
  {
    "line": 2,
    "elements": [
      {
        "line": 8,
        "name": "",
        "description": "",
        "type": "background",
        "keyword": "Background",
        "steps": [
          {
            "result": {
              "duration": 1201180700,
              "status": "passed"
            },
            "line": 9,
            "name": "user is on the Login Page of the Amazon website \"https://www.amazon.in/\"",
            "match": {
              "arguments": [
                {
                  "val": "https://www.amazon.in/",
                  "offset": 49
                }
              ],
              "location": "Login_And_add_product_to_cart.user_is_on_the_Login_Page_of_the_Amazon_website(String)"
            },
            "keyword": "Given "
          }
        ]
      },
      {
        "start_timestamp": "2023-09-25T06:43:33.452Z",
        "before": [
          {
            "result": {
              "duration": 3194097500,
              "status": "passed"
            },
            "match": {
              "location": "BeforeActions.setUP()"
            }
          }
        ],
        "line": 12,
        "name": "User succesfully gets login to the Amazon website",
        "description": "",
        "id": "to-check-user--should--able-to-add-product-into-the-cart;user-succesfully-gets-login-to-the-amazon-website",
        "after": [
          {
            "result": {
              "duration": 824100,
              "status": "passed"
            },
            "match": {
              "location": "AfterActions.tearDown(Scenario)"
            }
          }
        ],
        "type": "scenario",
        "keyword": "Scenario",
        "steps": [
          {
            "result": {
              "duration": 745407300,
              "status": "passed"
            },
            "line": 13,
            "name": "user click the login link to enter login and password respectively",
            "match": {
              "location": "Login_And_add_product_to_cart.user_click_the_login_link_to_enter_login_and_password_respectively()"
            },
            "keyword": "And "
          },
          {
            "result": {
              "duration": 950414500,
              "status": "passed"
            },
            "line": 14,
            "name": "user enter the valid username of the account",
            "match": {
              "location": "Login_And_add_product_to_cart.user_enter_the_valid_username_of_the_account(String\u003e)"
            },
            "rows": [
              {
                "cells": [
                  "naudiyalhimanshu@gmail.com"
                ]
              }
            ],
            "keyword": "When "
          },
          {
            "result": {
              "duration": 141705300,
              "status": "passed"
            },
            "line": 16,
            "name": "user enter the valid password of the Account",
            "match": {
              "location": "Login_And_add_product_to_cart.user_enter_the_valid_password_of_the_Account(String\u003e)"
            },
            "rows": [
              {
                "cells": [
                  "Nlikechite@987"
                ]
              }
            ],
            "keyword": "And "
          },
          {
            "result": {
              "duration": 1452400,
              "status": "passed"
            },
            "line": 18,
            "name": "user login to login on to the Amazon website",
            "match": {
              "location": "Login_And_add_product_to_cart.user_login_to_login_on_to_the_Amazon_website()"
            },
            "keyword": "Then "
          }
        ]
      },
      {
        "line": 8,
        "name": "",
        "description": "",
        "type": "background",
        "keyword": "Background",
        "steps": [
          {
            "result": {
              "duration": 1180843500,
              "status": "passed"
            },
            "line": 9,
            "name": "user is on the Login Page of the Amazon website \"https://www.amazon.in/\"",
            "match": {
              "arguments": [
                {
                  "val": "https://www.amazon.in/",
                  "offset": 49
                }
              ],
              "location": "Login_And_add_product_to_cart.user_is_on_the_Login_Page_of_the_Amazon_website(String)"
            },
            "keyword": "Given "
          }
        ]
      },
      {
        "start_timestamp": "2023-09-25T06:43:39.710Z",
        "before": [
          {
            "result": {
              "duration": 376400,
              "status": "passed"
            },
            "match": {
              "location": "BeforeActions.setUP()"
            }
          }
        ],
        "line": 21,
        "name": "when user is on the Amazon Home page",
        "description": "",
        "id": "to-check-user--should--able-to-add-product-into-the-cart;when-user-is-on-the-amazon-home-page",
        "after": [
          {
            "result": {
              "error_message": "org.openqa.selenium.NoSuchWindowException: no such window: target window already closed\nfrom unknown error: web view not found\n  (Session info: chrome\u003d116.0.5845.188)\nBuild info: version: \u00274.11.0\u0027, revision: \u0027040bc5406b\u0027\nSystem info: os.name: \u0027Windows 10\u0027, os.arch: \u0027amd64\u0027, os.version: \u002710.0\u0027, java.version: \u002717.0.6\u0027\nDriver info: org.openqa.selenium.chrome.ChromeDriver\nCommand: [2301c6629a4880c24c45868b23ae2658, screenshot {}]\nCapabilities {acceptInsecureCerts: false, browserName: chrome, browserVersion: 116.0.5845.188, chrome: {chromedriverVersion: 116.0.5845.96 (1a3918166880..., userDataDir: C:\\Users\\Admin\\AppData\\Loca...}, fedcm:accounts: true, goog:chromeOptions: {debuggerAddress: localhost:55403}, networkConnectionEnabled: false, pageLoadStrategy: normal, platformName: windows, proxy: Proxy(), se:cdp: ws://localhost:55403/devtoo..., se:cdpVersion: 116.0.5845.188, setWindowRect: true, strictFileInteractability: false, timeouts: {implicit: 0, pageLoad: 300000, script: 30000}, unhandledPromptBehavior: dismiss and notify, webauthn:extension:credBlob: true, webauthn:extension:largeBlob: true, webauthn:extension:minPinLength: true, webauthn:extension:prf: true, webauthn:virtualAuthenticators: true}\nSession ID: 2301c6629a4880c24c45868b23ae2658\r\n\tat java.base/jdk.internal.reflect.NativeConstructorAccessorImpl.newInstance0(Native Method)\r\n\tat java.base/jdk.internal.reflect.NativeConstructorAccessorImpl.newInstance(NativeConstructorAccessorImpl.java:77)\r\n\tat java.base/jdk.internal.reflect.DelegatingConstructorAccessorImpl.newInstance(DelegatingConstructorAccessorImpl.java:45)\r\n\tat java.base/java.lang.reflect.Constructor.newInstanceWithCaller(Constructor.java:499)\r\n\tat java.base/java.lang.reflect.Constructor.newInstance(Constructor.java:480)\r\n\tat org.openqa.selenium.remote.codec.w3c.W3CHttpResponseCodec.createException(W3CHttpResponseCodec.java:200)\r\n\tat org.openqa.selenium.remote.codec.w3c.W3CHttpResponseCodec.decode(W3CHttpResponseCodec.java:133)\r\n\tat org.openqa.selenium.remote.codec.w3c.W3CHttpResponseCodec.decode(W3CHttpResponseCodec.java:52)\r\n\tat org.openqa.selenium.remote.HttpCommandExecutor.execute(HttpCommandExecutor.java:191)\r\n\tat org.openqa.selenium.remote.service.DriverCommandExecutor.invokeExecute(DriverCommandExecutor.java:196)\r\n\tat org.openqa.selenium.remote.service.DriverCommandExecutor.execute(DriverCommandExecutor.java:171)\r\n\tat org.openqa.selenium.remote.RemoteWebDriver.execute(RemoteWebDriver.java:518)\r\n\tat org.openqa.selenium.remote.RemoteWebDriver.execute(RemoteWebDriver.java:591)\r\n\tat org.openqa.selenium.remote.RemoteWebDriver.execute(RemoteWebDriver.java:595)\r\n\tat org.openqa.selenium.remote.RemoteWebDriver.getScreenshotAs(RemoteWebDriver.java:321)\r\n\tat steps.AfterActions.tearDown(AfterActions.java:19)\r\n\tat java.base/jdk.internal.reflect.NativeMethodAccessorImpl.invoke0(Native Method)\r\n\tat java.base/jdk.internal.reflect.NativeMethodAccessorImpl.invoke(NativeMethodAccessorImpl.java:77)\r\n\tat java.base/jdk.internal.reflect.DelegatingMethodAccessorImpl.invoke(DelegatingMethodAccessorImpl.java:43)\r\n\tat java.base/java.lang.reflect.Method.invoke(Method.java:568)\r\n\tat cucumber.runtime.Utils$1.call(Utils.java:26)\r\n\tat cucumber.runtime.Timeout.timeout(Timeout.java:16)\r\n\tat cucumber.runtime.Utils.invoke(Utils.java:20)\r\n\tat cucumber.runtime.java.JavaHookDefinition.execute(JavaHookDefinition.java:65)\r\n\tat cucumber.runner.HookDefinitionMatch.runStep(HookDefinitionMatch.java:16)\r\n\tat cucumber.runner.TestStep.executeStep(TestStep.java:65)\r\n\tat cucumber.runner.TestStep.run(TestStep.java:50)\r\n\tat cucumber.runner.TestCase.run(TestCase.java:50)\r\n\tat cucumber.runner.Runner.runPickle(Runner.java:50)\r\n\tat io.cucumber.testng.TestNGCucumberRunner.runScenario(TestNGCucumberRunner.java:79)\r\n\tat io.cucumber.testng.AbstractTestNGCucumberTests.runScenario(AbstractTestNGCucumberTests.java:24)\r\n\tat java.base/jdk.internal.reflect.NativeMethodAccessorImpl.invoke0(Native Method)\r\n\tat java.base/jdk.internal.reflect.NativeMethodAccessorImpl.invoke(NativeMethodAccessorImpl.java:77)\r\n\tat java.base/jdk.internal.reflect.DelegatingMethodAccessorImpl.invoke(DelegatingMethodAccessorImpl.java:43)\r\n\tat java.base/java.lang.reflect.Method.invoke(Method.java:568)\r\n\tat org.testng.internal.MethodInvocationHelper.invokeMethod(MethodInvocationHelper.java:124)\r\n\tat org.testng.internal.Invoker.invokeMethod(Invoker.java:583)\r\n\tat org.testng.internal.Invoker.invokeTestMethod(Invoker.java:719)\r\n\tat org.testng.internal.Invoker.invokeTestMethods(Invoker.java:989)\r\n\tat org.testng.internal.TestMethodWorker.invokeTestMethods(TestMethodWorker.java:125)\r\n\tat org.testng.internal.TestMethodWorker.run(TestMethodWorker.java:109)\r\n\tat org.testng.TestRunner.privateRun(TestRunner.java:648)\r\n\tat org.testng.TestRunner.run(TestRunner.java:505)\r\n\tat org.testng.SuiteRunner.runTest(SuiteRunner.java:455)\r\n\tat org.testng.SuiteRunner.runSequentially(SuiteRunner.java:450)\r\n\tat org.testng.SuiteRunner.privateRun(SuiteRunner.java:415)\r\n\tat org.testng.SuiteRunner.run(SuiteRunner.java:364)\r\n\tat org.testng.SuiteRunnerWorker.runSuite(SuiteRunnerWorker.java:52)\r\n\tat org.testng.SuiteRunnerWorker.run(SuiteRunnerWorker.java:84)\r\n\tat org.testng.TestNG.runSuitesSequentially(TestNG.java:1208)\r\n\tat org.testng.TestNG.runSuitesLocally(TestNG.java:1137)\r\n\tat org.testng.TestNG.runSuites(TestNG.java:1049)\r\n\tat org.testng.TestNG.run(TestNG.java:1017)\r\n\tat org.apache.maven.surefire.testng.TestNGExecutor.run(TestNGExecutor.java:295)\r\n\tat org.apache.maven.surefire.testng.TestNGXmlTestSuite.execute(TestNGXmlTestSuite.java:84)\r\n\tat org.apache.maven.surefire.testng.TestNGProvider.invoke(TestNGProvider.java:90)\r\n\tat org.apache.maven.surefire.booter.ForkedBooter.invokeProviderInSameClassLoader(ForkedBooter.java:203)\r\n\tat org.apache.maven.surefire.booter.ForkedBooter.runSuitesInProcess(ForkedBooter.java:155)\r\n\tat org.apache.maven.surefire.booter.ForkedBooter.main(ForkedBooter.java:103)\r\n",
              "duration": 37370700,
              "status": "failed"
            },
            "match": {
              "location": "AfterActions.tearDown(Scenario)"
            }
          }
        ],
        "type": "scenario",
        "keyword": "Scenario",
        "steps": [
          {
            "result": {
              "error_message": "org.openqa.selenium.NoSuchElementException: Unable to find element with locator By.xpath: //a[@id\u003d\u0027nav-hamburger-menu\u0027]\nFor documentation on this error, please visit: https://www.selenium.dev/documentation/webdriver/troubleshooting/errors#no-such-element-exception\nBuild info: version: \u00274.11.0\u0027, revision: \u0027040bc5406b\u0027\nSystem info: os.name: \u0027Windows 10\u0027, os.arch: \u0027amd64\u0027, os.version: \u002710.0\u0027, java.version: \u002717.0.6\u0027\nDriver info: driver.version: RemoteWebDriver\r\n\tat org.openqa.selenium.remote.ElementLocation$ElementFinder$2.findElement(ElementLocation.java:168)\r\n\tat org.openqa.selenium.remote.ElementLocation.findElement(ElementLocation.java:59)\r\n\tat org.openqa.selenium.remote.RemoteWebDriver.findElement(RemoteWebDriver.java:355)\r\n\tat org.openqa.selenium.remote.RemoteWebDriver.findElement(RemoteWebDriver.java:349)\r\n\tat org.openqa.selenium.support.pagefactory.DefaultElementLocator.findElement(DefaultElementLocator.java:68)\r\n\tat org.openqa.selenium.support.pagefactory.internal.LocatingElementHandler.invoke(LocatingElementHandler.java:38)\r\n\tat jdk.proxy2/jdk.proxy2.$Proxy24.click(Unknown Source)\r\n\tat Pages.actions.AmazonHomePageActions.clickMouseTopNavigation(AmazonHomePageActions.java:19)\r\n\tat steps.Login_And_add_product_to_cart.he_click_over_the_category(Login_And_add_product_to_cart.java:67)\r\n\tat ✽.: he  click over the \"ALL\" category(file:src/test/resources/feature/Amazon_Product.feature:22)\r\n",
              "duration": 8020619800,
              "status": "failed"
            },
            "line": 22,
            "name": ": he  click over the \"ALL\" category",
            "match": {
              "arguments": [
                {
                  "val": "ALL",
                  "offset": 22
                }
              ],
              "location": "Login_And_add_product_to_cart.he_click_over_the_category(String)"
            },
            "keyword": "Then "
          },
          {
            "result": {
              "duration": 622800,
              "status": "skipped"
            },
            "line": 23,
            "name": "click category",
            "match": {
              "location": "Login_And_add_product_to_cart.click_category(String\u003e)"
            },
            "rows": [
              {
                "cells": [
                  "Best Sellers"
                ]
              }
            ],
            "keyword": "And "
          },
          {
            "result": {
              "duration": 393200,
              "status": "skipped"
            },
            "line": 25,
            "name": "he is able to \"Bestsellers\" Text on the next page",
            "match": {
              "arguments": [
                {
                  "val": "Bestsellers",
                  "offset": 15
                }
              ],
              "location": "Login_And_add_product_to_cart.he_is_able_to_Text_on_the_next_page(String)"
            },
            "keyword": "Then "
          },
          {
            "result": {
              "duration": 265900,
              "status": "skipped"
            },
            "line": 26,
            "name": "he is able  to Add product on the page",
            "match": {
              "location": "Login_And_add_product_to_cart.he_is_able_to_Add_product_on_the_page()"
            },
            "keyword": "Then "
          }
        ]
      }
    ],
    "name": "To check user  should  able to add product into the cart",
    "description": "     In order to check when a user of Amazon Account \n     log in then  he should be succesffuly login\n     and should able to add products into the cart",
    "id": "to-check-user--should--able-to-add-product-into-the-cart",
    "keyword": "Feature",
    "uri": "file:src/test/resources/feature/Amazon_Product.feature",
    "tags": []
  },
  {
    "line": 2,
    "elements": [
      {
        "start_timestamp": "2023-09-25T06:43:48.983Z",
        "before": [
          {
            "result": {
              "duration": 975400,
              "status": "passed"
            },
            "match": {
              "location": "BeforeActions.setUP()"
            }
          }
        ],
        "line": 20,
        "name": "Enter the item name in the search bar and can purchase from there",
        "description": "",
        "id": "to-search-any-product-from-the-searchabar-and-can-purchase-it;enter-the-item-name-in-the-search-bar-and-can-purchase-from-there;;2",
        "after": [
          {
            "result": {
              "error_message": "org.openqa.selenium.NoSuchWindowException: no such window: target window already closed\nfrom unknown error: web view not found\n  (Session info: chrome\u003d116.0.5845.188)\nBuild info: version: \u00274.11.0\u0027, revision: \u0027040bc5406b\u0027\nSystem info: os.name: \u0027Windows 10\u0027, os.arch: \u0027amd64\u0027, os.version: \u002710.0\u0027, java.version: \u002717.0.6\u0027\nDriver info: org.openqa.selenium.chrome.ChromeDriver\nCommand: [2301c6629a4880c24c45868b23ae2658, screenshot {}]\nCapabilities {acceptInsecureCerts: false, browserName: chrome, browserVersion: 116.0.5845.188, chrome: {chromedriverVersion: 116.0.5845.96 (1a3918166880..., userDataDir: C:\\Users\\Admin\\AppData\\Loca...}, fedcm:accounts: true, goog:chromeOptions: {debuggerAddress: localhost:55403}, networkConnectionEnabled: false, pageLoadStrategy: normal, platformName: windows, proxy: Proxy(), se:cdp: ws://localhost:55403/devtoo..., se:cdpVersion: 116.0.5845.188, setWindowRect: true, strictFileInteractability: false, timeouts: {implicit: 0, pageLoad: 300000, script: 30000}, unhandledPromptBehavior: dismiss and notify, webauthn:extension:credBlob: true, webauthn:extension:largeBlob: true, webauthn:extension:minPinLength: true, webauthn:extension:prf: true, webauthn:virtualAuthenticators: true}\nSession ID: 2301c6629a4880c24c45868b23ae2658\r\n\tat java.base/jdk.internal.reflect.NativeConstructorAccessorImpl.newInstance0(Native Method)\r\n\tat java.base/jdk.internal.reflect.NativeConstructorAccessorImpl.newInstance(NativeConstructorAccessorImpl.java:77)\r\n\tat java.base/jdk.internal.reflect.DelegatingConstructorAccessorImpl.newInstance(DelegatingConstructorAccessorImpl.java:45)\r\n\tat java.base/java.lang.reflect.Constructor.newInstanceWithCaller(Constructor.java:499)\r\n\tat java.base/java.lang.reflect.Constructor.newInstance(Constructor.java:480)\r\n\tat org.openqa.selenium.remote.codec.w3c.W3CHttpResponseCodec.createException(W3CHttpResponseCodec.java:200)\r\n\tat org.openqa.selenium.remote.codec.w3c.W3CHttpResponseCodec.decode(W3CHttpResponseCodec.java:133)\r\n\tat org.openqa.selenium.remote.codec.w3c.W3CHttpResponseCodec.decode(W3CHttpResponseCodec.java:52)\r\n\tat org.openqa.selenium.remote.HttpCommandExecutor.execute(HttpCommandExecutor.java:191)\r\n\tat org.openqa.selenium.remote.service.DriverCommandExecutor.invokeExecute(DriverCommandExecutor.java:196)\r\n\tat org.openqa.selenium.remote.service.DriverCommandExecutor.execute(DriverCommandExecutor.java:171)\r\n\tat org.openqa.selenium.remote.RemoteWebDriver.execute(RemoteWebDriver.java:518)\r\n\tat org.openqa.selenium.remote.RemoteWebDriver.execute(RemoteWebDriver.java:591)\r\n\tat org.openqa.selenium.remote.RemoteWebDriver.execute(RemoteWebDriver.java:595)\r\n\tat org.openqa.selenium.remote.RemoteWebDriver.getScreenshotAs(RemoteWebDriver.java:321)\r\n\tat steps.AfterActions.tearDown(AfterActions.java:19)\r\n\tat java.base/jdk.internal.reflect.NativeMethodAccessorImpl.invoke0(Native Method)\r\n\tat java.base/jdk.internal.reflect.NativeMethodAccessorImpl.invoke(NativeMethodAccessorImpl.java:77)\r\n\tat java.base/jdk.internal.reflect.DelegatingMethodAccessorImpl.invoke(DelegatingMethodAccessorImpl.java:43)\r\n\tat java.base/java.lang.reflect.Method.invoke(Method.java:568)\r\n\tat cucumber.runtime.Utils$1.call(Utils.java:26)\r\n\tat cucumber.runtime.Timeout.timeout(Timeout.java:16)\r\n\tat cucumber.runtime.Utils.invoke(Utils.java:20)\r\n\tat cucumber.runtime.java.JavaHookDefinition.execute(JavaHookDefinition.java:65)\r\n\tat cucumber.runner.HookDefinitionMatch.runStep(HookDefinitionMatch.java:16)\r\n\tat cucumber.runner.TestStep.executeStep(TestStep.java:65)\r\n\tat cucumber.runner.TestStep.run(TestStep.java:50)\r\n\tat cucumber.runner.TestCase.run(TestCase.java:50)\r\n\tat cucumber.runner.Runner.runPickle(Runner.java:50)\r\n\tat io.cucumber.testng.TestNGCucumberRunner.runScenario(TestNGCucumberRunner.java:79)\r\n\tat io.cucumber.testng.AbstractTestNGCucumberTests.runScenario(AbstractTestNGCucumberTests.java:24)\r\n\tat java.base/jdk.internal.reflect.NativeMethodAccessorImpl.invoke0(Native Method)\r\n\tat java.base/jdk.internal.reflect.NativeMethodAccessorImpl.invoke(NativeMethodAccessorImpl.java:77)\r\n\tat java.base/jdk.internal.reflect.DelegatingMethodAccessorImpl.invoke(DelegatingMethodAccessorImpl.java:43)\r\n\tat java.base/java.lang.reflect.Method.invoke(Method.java:568)\r\n\tat org.testng.internal.MethodInvocationHelper.invokeMethod(MethodInvocationHelper.java:124)\r\n\tat org.testng.internal.Invoker.invokeMethod(Invoker.java:583)\r\n\tat org.testng.internal.Invoker.invokeTestMethod(Invoker.java:719)\r\n\tat org.testng.internal.Invoker.invokeTestMethods(Invoker.java:989)\r\n\tat org.testng.internal.TestMethodWorker.invokeTestMethods(TestMethodWorker.java:125)\r\n\tat org.testng.internal.TestMethodWorker.run(TestMethodWorker.java:109)\r\n\tat org.testng.TestRunner.privateRun(TestRunner.java:648)\r\n\tat org.testng.TestRunner.run(TestRunner.java:505)\r\n\tat org.testng.SuiteRunner.runTest(SuiteRunner.java:455)\r\n\tat org.testng.SuiteRunner.runSequentially(SuiteRunner.java:450)\r\n\tat org.testng.SuiteRunner.privateRun(SuiteRunner.java:415)\r\n\tat org.testng.SuiteRunner.run(SuiteRunner.java:364)\r\n\tat org.testng.SuiteRunnerWorker.runSuite(SuiteRunnerWorker.java:52)\r\n\tat org.testng.SuiteRunnerWorker.run(SuiteRunnerWorker.java:84)\r\n\tat org.testng.TestNG.runSuitesSequentially(TestNG.java:1208)\r\n\tat org.testng.TestNG.runSuitesLocally(TestNG.java:1137)\r\n\tat org.testng.TestNG.runSuites(TestNG.java:1049)\r\n\tat org.testng.TestNG.run(TestNG.java:1017)\r\n\tat org.apache.maven.surefire.testng.TestNGExecutor.run(TestNGExecutor.java:295)\r\n\tat org.apache.maven.surefire.testng.TestNGXmlTestSuite.execute(TestNGXmlTestSuite.java:84)\r\n\tat org.apache.maven.surefire.testng.TestNGProvider.invoke(TestNGProvider.java:90)\r\n\tat org.apache.maven.surefire.booter.ForkedBooter.invokeProviderInSameClassLoader(ForkedBooter.java:203)\r\n\tat org.apache.maven.surefire.booter.ForkedBooter.runSuitesInProcess(ForkedBooter.java:155)\r\n\tat org.apache.maven.surefire.booter.ForkedBooter.main(ForkedBooter.java:103)\r\n",
              "duration": 3600600,
              "status": "failed"
            },
            "match": {
              "location": "AfterActions.tearDown(Scenario)"
            }
          }
        ],
        "type": "scenario",
        "keyword": "Scenario Outline",
        "steps": [
          {
            "result": {
              "error_message": "org.openqa.selenium.NoSuchWindowException: no such window: target window already closed\nfrom unknown error: web view not found\n  (Session info: chrome\u003d116.0.5845.188)\nBuild info: version: \u00274.11.0\u0027, revision: \u0027040bc5406b\u0027\nSystem info: os.name: \u0027Windows 10\u0027, os.arch: \u0027amd64\u0027, os.version: \u002710.0\u0027, java.version: \u002717.0.6\u0027\nDriver info: org.openqa.selenium.chrome.ChromeDriver\nCommand: [2301c6629a4880c24c45868b23ae2658, findElement {using\u003dxpath, value\u003d//input[@id\u003d\u0027twotabsearchtextbox\u0027]}]\nCapabilities {acceptInsecureCerts: false, browserName: chrome, browserVersion: 116.0.5845.188, chrome: {chromedriverVersion: 116.0.5845.96 (1a3918166880..., userDataDir: C:\\Users\\Admin\\AppData\\Loca...}, fedcm:accounts: true, goog:chromeOptions: {debuggerAddress: localhost:55403}, networkConnectionEnabled: false, pageLoadStrategy: normal, platformName: windows, proxy: Proxy(), se:cdp: ws://localhost:55403/devtoo..., se:cdpVersion: 116.0.5845.188, setWindowRect: true, strictFileInteractability: false, timeouts: {implicit: 0, pageLoad: 300000, script: 30000}, unhandledPromptBehavior: dismiss and notify, webauthn:extension:credBlob: true, webauthn:extension:largeBlob: true, webauthn:extension:minPinLength: true, webauthn:extension:prf: true, webauthn:virtualAuthenticators: true}\nSession ID: 2301c6629a4880c24c45868b23ae2658\r\n\tat java.base/jdk.internal.reflect.NativeConstructorAccessorImpl.newInstance0(Native Method)\r\n\tat java.base/jdk.internal.reflect.NativeConstructorAccessorImpl.newInstance(NativeConstructorAccessorImpl.java:77)\r\n\tat java.base/jdk.internal.reflect.DelegatingConstructorAccessorImpl.newInstance(DelegatingConstructorAccessorImpl.java:45)\r\n\tat java.base/java.lang.reflect.Constructor.newInstanceWithCaller(Constructor.java:499)\r\n\tat java.base/java.lang.reflect.Constructor.newInstance(Constructor.java:480)\r\n\tat org.openqa.selenium.remote.codec.w3c.W3CHttpResponseCodec.createException(W3CHttpResponseCodec.java:200)\r\n\tat org.openqa.selenium.remote.codec.w3c.W3CHttpResponseCodec.decode(W3CHttpResponseCodec.java:133)\r\n\tat org.openqa.selenium.remote.codec.w3c.W3CHttpResponseCodec.decode(W3CHttpResponseCodec.java:52)\r\n\tat org.openqa.selenium.remote.HttpCommandExecutor.execute(HttpCommandExecutor.java:191)\r\n\tat org.openqa.selenium.remote.service.DriverCommandExecutor.invokeExecute(DriverCommandExecutor.java:196)\r\n\tat org.openqa.selenium.remote.service.DriverCommandExecutor.execute(DriverCommandExecutor.java:171)\r\n\tat org.openqa.selenium.remote.RemoteWebDriver.execute(RemoteWebDriver.java:518)\r\n\tat org.openqa.selenium.remote.ElementLocation$ElementFinder$2.findElement(ElementLocation.java:165)\r\n\tat org.openqa.selenium.remote.ElementLocation.findElement(ElementLocation.java:59)\r\n\tat org.openqa.selenium.remote.RemoteWebDriver.findElement(RemoteWebDriver.java:355)\r\n\tat org.openqa.selenium.remote.RemoteWebDriver.findElement(RemoteWebDriver.java:349)\r\n\tat org.openqa.selenium.support.pagefactory.DefaultElementLocator.findElement(DefaultElementLocator.java:68)\r\n\tat org.openqa.selenium.support.pagefactory.internal.LocatingElementHandler.invoke(LocatingElementHandler.java:38)\r\n\tat jdk.proxy2/jdk.proxy2.$Proxy24.isDisplayed(Unknown Source)\r\n\tat Pages.actions.Add_Item_To_cartActions.isdisp(Add_Item_To_cartActions.java:22)\r\n\tat steps.Searched_item_to_cart.user_is_on_the_search_bar_page(Searched_item_to_cart.java:25)\r\n\tat ✽.user is on the search bar page(file:src/test/resources/feature/Run_product_into_searchbar.feature:9)\r\n",
              "duration": 4020620500,
              "status": "failed"
            },
            "line": 9,
            "name": "user is on the search bar page",
            "match": {
              "location": "Searched_item_to_cart.user_is_on_the_search_bar_page()"
            },
            "keyword": "Given "
          },
          {
            "result": {
              "duration": 365100,
              "status": "skipped"
            },
            "line": 11,
            "name": "user enter the item name \"shoes\" in the search bar and click search",
            "match": {
              "arguments": [
                {
                  "val": "\"shoes\"",
                  "offset": 25
                }
              ],
              "location": "Searched_item_to_cart.user_enter_the_item_name_in_the_search_bar_and_click_search(String)"
            },
            "keyword": "When "
          },
          {
            "result": {
              "duration": 296600,
              "status": "skipped"
            },
            "line": 12,
            "name": "item should display and",
            "match": {
              "location": "Searched_item_to_cart.item_should_display_and()"
            },
            "keyword": "Then "
          },
          {
            "result": {
              "duration": 252700,
              "status": "skipped"
            },
            "line": 13,
            "name": "user should able to add it to cart",
            "match": {
              "location": "Searched_item_to_cart.user_should_able_to_add_it_to_cart()"
            },
            "keyword": "And "
          },
          {
            "result": {
              "duration": 247700,
              "status": "skipped"
            },
            "line": 14,
            "name": "Select the address where user want to deleiver",
            "match": {
              "location": "Searched_item_to_cart.select_the_address_where_user_want_to_deleiver()"
            },
            "keyword": "And "
          },
          {
            "result": {
              "duration": 259400,
              "status": "skipped"
            },
            "line": 15,
            "name": "purchase it after payment perform succesfull",
            "match": {
              "location": "Searched_item_to_cart.purchase_it_after_payment_perform_succesfull()"
            },
            "keyword": "And "
          }
        ]
      }
    ],
    "name": "To search any product from the searchabar and can purchase it",
    "description": "         In order to check that user can enter any product in the search bar \n         and can purchase from them",
    "id": "to-search-any-product-from-the-searchabar-and-can-purchase-it",
    "keyword": "Feature",
    "uri": "file:src/test/resources/feature/Run_product_into_searchbar.feature",
    "tags": []
  }
]